<?xml version='1.0' encoding='UTF-8'?>
<testsuite hostname="magnus-hpenvyx360convertible13ay0xxx" name="GridTest" tests="1" errors="0" failures="1" skipped="0" time="1.889" timestamp="2025-06-19T17:06:24">
          <properties>
      <property name="java.specification.version" value="21"/><property name="sun.jnu.encoding" value="UTF-8"/><property name="sun.arch.data.model" value="64"/><property name="java.vendor.url" value="https://ubuntu.com/"/><property name="sun.boot.library.path" value="/usr/lib/jvm/java-21-openjdk-amd64/lib"/><property name="sun.java.command" value="/home/magnusj/.cache/sbt/boot/sbt-launch/1.11.2/sbt-launch-1.11.2.jar testOnly GridTest"/><property name="jdk.debug" value="release"/><property name="java.specification.vendor" value="Oracle Corporation"/><property name="java.version.date" value="2025-04-15"/><property name="java.home" value="/usr/lib/jvm/java-21-openjdk-amd64"/><property name="file.separator" value="/"/><property name="java.vm.compressedOopsMode" value="32-bit"/><property name="line.separator" value="
"/><property name="java.vm.specification.vendor" value="Oracle Corporation"/><property name="java.specification.name" value="Java Platform API Specification"/><property name="sun.management.compiler" value="HotSpot 64-Bit Tiered Compilers"/><property name="java.runtime.version" value="21.0.7+6-Ubuntu-0ubuntu125.04"/><property name="user.name" value="magnusj"/><property name="log4j.ignoreTCL" value="true"/><property name="file.encoding" value="UTF-8"/><property name="jnidispatch.path" value="/home/magnusj/.cache/JNA/temp/jna7192661164599338166.tmp"/><property name="jna.loaded" value="true"/><property name="java.io.tmpdir" value="/tmp"/><property name="java.version" value="21.0.7"/><property name="java.vm.specification.name" value="Java Virtual Machine Specification"/><property name="native.encoding" value="UTF-8"/><property name="java.library.path" value="/usr/java/packages/lib:/usr/lib/x86_64-linux-gnu/jni:/lib/x86_64-linux-gnu:/usr/lib/x86_64-linux-gnu:/usr/lib/jni:/lib:/usr/lib"/><property name="stderr.encoding" value="UTF-8"/><property name="java.vendor" value="Ubuntu"/><property name="scala.ext.dirs" value="/home/magnusj/.sbt/1.0/java9-rt-ext-ubuntu_21_0_7"/><property name="sun.io.unicode.encoding" value="UnicodeLittle"/><property name="java.class.path" value="/home/magnusj/.cache/sbt/boot/sbt-launch/1.11.2/sbt-launch-1.11.2.jar"/><property name="java.vm.vendor" value="Ubuntu"/><property name="jline.shutdownhook" value="false"/><property name="user.timezone" value="Europe/Copenhagen"/><property name="java.vm.specification.version" value="21"/><property name="os.name" value="Linux"/><property name="sun.java.launcher" value="SUN_STANDARD"/><property name="user.country" value="DK"/><property name="sun.cpu.endian" value="little"/><property name="user.home" value="/home/magnusj"/><property name="user.language" value="en"/><property name="sbt.script" value="/usr/bin/sbt"/><property name="sbt.ipcsocket.tmpdir" value="/run/user/1000/.sbt2817cb60/ipcsocket"/><property name="swoval.tmpdir" value="/run/user/1000/.sbt2817cb60/swoval"/><property name="jline.esc.timeout" value="0"/><property name="stdout.encoding" value="UTF-8"/><property name="path.separator" value=":"/><property name="os.version" value="6.14.0-15-generic"/><property name="jna.nosys" value="true"/><property name="java.runtime.name" value="OpenJDK Runtime Environment"/><property name="java.vm.name" value="OpenJDK 64-Bit Server VM"/><property name="jna.platform.library.path" value="/usr/lib/x86_64-linux-gnu:/lib/x86_64-linux-gnu:/usr/lib64:/lib64:/usr/lib:/lib:/usr/lib/x86_64-linux-gnu/libfakeroot"/><property name="java.vendor.url.bug" value="https://bugs.launchpad.net/ubuntu/+source/openjdk-21"/><property name="user.dir" value="/home/magnusj/Desktop/Digital-Tetris"/><property name="os.arch" value="amd64"/><property name="java.vm.info" value="mixed mode, sharing"/><property name="java.vm.version" value="21.0.7+6-Ubuntu-0ubuntu125.04"/><property name="java.class.version" value="65.0"/>
    </properties>
          <testcase classname="GridTest" name=" should pass" time="1.889">
                      <failure message="io_index=299 (0x12b) did not equal expected=300 (0x12c) (lines in GridTest.scala: 21, 14)" type="org.scalatest.exceptions.TestFailedException">org.scalatest.exceptions.TestFailedException: io_index=299 (0x12b) did not equal expected=300 (0x12c) (lines in GridTest.scala: 21, 14)
	at chiseltest.internal.TestEnvInterface.signalExpectFailure(TestEnvInterface.scala:60)
	at chiseltest.internal.TestEnvInterface.signalExpectFailure$(TestEnvInterface.scala:45)
	at GridTest.signalExpectFailure(GridTest.scala:12)
	at chiseltest.package$Utils$.expectFailed(package.scala:531)
	at chiseltest.package$Utils$.expectBits(package.scala:522)
	at chiseltest.package$testableUInt.expectInternal(package.scala:60)
	at chiseltest.package$testableUInt.expect(package.scala:63)
	at GridTest.$anonfun$new$3(GridTest.scala:21)
	at GridTest.$anonfun$new$3$adapted(GridTest.scala:14)
	at chiseltest.internal.GenericBackend.$anonfun$run$1(GenericBackend.scala:170)
	at chiseltest.internal.ThreadedBackend$TesterThread$$anon$1.$anonfun$run$1(ThreadedBackend.scala:495)
	at chiseltest.internal.GenericBackend.doTimescope(GenericBackend.scala:104)
	at chiseltest.internal.ThreadedBackend$TesterThread$$anon$1.run(ThreadedBackend.scala:495)
	at java.base/java.lang.Thread.run(Thread.java:1583)
Caused by: chiseltest.internal.FailedExpectException: io_index=299 (0x12b) did not equal expected=300 (0x12c) (lines in GridTest.scala: 21, 14)
	... 14 more
</failure>
                    </testcase>
          <system-out><![CDATA[]]></system-out>
          <system-err><![CDATA[]]></system-err>
        </testsuite>